12:09:32 **** Incremental Build of configuration Debug for project MKS11 ****
make -j4 all 
arm-none-eabi-gcc "../Core/Src/main.c" -mcpu=cortex-m4 -std=gnu11 -g3 -DDEBUG -DRFM95_SPI_TIMEOUT=100 -DUSE_HAL_DRIVER -DSTM32F429xx -c -I../Core/Inc -I../Drivers/STM32F4xx_HAL_Driver/Inc -I../Drivers/STM32F4xx_HAL_Driver/Inc/Legacy -I../Drivers/CMSIS/Device/ST/STM32F4xx/Include -I../Drivers/CMSIS/Include -I../Drivers/stm32-hal-rfm95-master -O0 -ffunction-sections -fdata-sections -Wall -fstack-usage -fcyclomatic-complexity -MMD -MP -MF"Core/Src/main.d" -MT"Core/Src/main.o" --specs=nano.specs -mfpu=fpv4-sp-d16 -mfloat-abi=hard -mthumb -o "Core/Src/main.o"
arm-none-eabi-gcc "../Core/Src/stm32f4xx_hal_msp.c" -mcpu=cortex-m4 -std=gnu11 -g3 -DDEBUG -DRFM95_SPI_TIMEOUT=100 -DUSE_HAL_DRIVER -DSTM32F429xx -c -I../Core/Inc -I../Drivers/STM32F4xx_HAL_Driver/Inc -I../Drivers/STM32F4xx_HAL_Driver/Inc/Legacy -I../Drivers/CMSIS/Device/ST/STM32F4xx/Include -I../Drivers/CMSIS/Include -I../Drivers/stm32-hal-rfm95-master -O0 -ffunction-sections -fdata-sections -Wall -fstack-usage -fcyclomatic-complexity -MMD -MP -MF"Core/Src/stm32f4xx_hal_msp.d" -MT"Core/Src/stm32f4xx_hal_msp.o" --specs=nano.specs -mfpu=fpv4-sp-d16 -mfloat-abi=hard -mthumb -o "Core/Src/stm32f4xx_hal_msp.o"
arm-none-eabi-gcc "../Core/Src/stm32f4xx_it.c" -mcpu=cortex-m4 -std=gnu11 -g3 -DDEBUG -DRFM95_SPI_TIMEOUT=100 -DUSE_HAL_DRIVER -DSTM32F429xx -c -I../Core/Inc -I../Drivers/STM32F4xx_HAL_Driver/Inc -I../Drivers/STM32F4xx_HAL_Driver/Inc/Legacy -I../Drivers/CMSIS/Device/ST/STM32F4xx/Include -I../Drivers/CMSIS/Include -I../Drivers/stm32-hal-rfm95-master -O0 -ffunction-sections -fdata-sections -Wall -fstack-usage -fcyclomatic-complexity -MMD -MP -MF"Core/Src/stm32f4xx_it.d" -MT"Core/Src/stm32f4xx_it.o" --specs=nano.specs -mfpu=fpv4-sp-d16 -mfloat-abi=hard -mthumb -o "Core/Src/stm32f4xx_it.o"
arm-none-eabi-gcc -o "MKS11.elf" @"objects.list"   -mcpu=cortex-m4 -T"C:\Temp\ondrejka\MKS\MKS11\STM32F429ZITX_FLASH.ld" --specs=nosys.specs -Wl,-Map="MKS11.map" -Wl,--gc-sections -static --specs=nano.specs -mfpu=fpv4-sp-d16 -mfloat-abi=hard -mthumb -Wl,--start-group -lc -lm -Wl,--end-group
Finished building target: MKS11.elf
 
arm-none-eabi-size  MKS11.elf 
arm-none-eabi-objdump -h -S MKS11.elf  > "MKS11.list"
   text	   data	    bss	    dec	    hex	filename
  11296	    196	   1820	  13312	   3400	MKS11.elf
Finished building: default.size.stdout
 
Finished building: MKS11.list
 
12:33:24 **** Incremental Build of configuration Debug for project MKS11 ****
make -j4 all 
arm-none-eabi-gcc "../Core/Src/main.c" -mcpu=cortex-m4 -std=gnu11 -g3 -DDEBUG -DRFM95_SPI_TIMEOUT=100 -DUSE_HAL_DRIVER -DSTM32F429xx -c -I../Core/Inc -I../Drivers/STM32F4xx_HAL_Driver/Inc -I../Drivers/STM32F4xx_HAL_Driver/Inc/Legacy -I../Drivers/CMSIS/Device/ST/STM32F4xx/Include -I../Drivers/CMSIS/Include -I../Drivers/stm32-hal-rfm95-master -O0 -ffunction-sections -fdata-sections -Wall -fstack-usage -fcyclomatic-complexity -MMD -MP -MF"Core/Src/main.d" -MT"Core/Src/main.o" --specs=nano.specs -mfpu=fpv4-sp-d16 -mfloat-abi=hard -mthumb -o "Core/Src/main.o"
../Core/Src/main.c: In function 'main':
../Core/Src/main.c:174:82: warning: comparison between pointer and integer
  174 |           if((Old_tick + MSG_TIME) <= HAL_GetTick() && (Old_btn_tick + BTN_TIME) <= HAL_GetTick){
      |                                                                                  ^~
../Core/Src/main.c:175:47: warning: format '%i' expects argument of type 'int', but argument 3 has type 'uint32_t' {aka 'long unsigned int'} [-Wformat=]
  175 |                   sprintf(send_data, "216915;%id", counter++);
      |                                              ~^    ~~~~~~~~~
      |                                               |           |
      |                                               int         uint32_t {aka long unsigned int}
      |                                              %li
../Core/Src/main.c:176:37: error: 'LD2_GPIO_Pin' undeclared (first use in this function); did you mean 'LD2_GPIO_Port'?
  176 |                   HAL_GPIO_WritePin(LD2_GPIO_Pin, LD2_Pin, 1);
      |                                     ^~~~~~~~~~~~
      |                                     LD2_GPIO_Port
../Core/Src/main.c:176:37: note: each undeclared identifier is reported only once for each function it appears in
../Core/Src/main.c:183:112: warning: comparison between pointer and integer
  183 |           if((HAL_GPIO_ReadPin(USER_Btn_GPIO_Port, USER_Btn_Pin) == GPIO_PIN_SET) && (Old_btn_tick + BTN_TIME) <= HAL_GetTick) {
      |                                                                                                                ^~
../Core/Src/main.c:184:47: warning: format '%p' expects argument of type 'void *', but argument 3 has type 'uint32_t' {aka 'long unsigned int'} [-Wformat=]
  184 |                   sprintf(send_data, "216915;%press", counter++);
      |                                              ~^       ~~~~~~~~~
      |                                               |              |
      |                                               void *         uint32_t {aka long unsigned int}
      |                                              %ld
make: *** [Core/Src/subdir.mk:34: Core/Src/main.o] Error 1
"make -j4 all" terminated with exit code 2. Build might be incomplete.
12:33:57 **** Incremental Build of configuration Debug for project MKS11 ****
make -j4 all 
arm-none-eabi-gcc "../Core/Src/main.c" -mcpu=cortex-m4 -std=gnu11 -g3 -DDEBUG -DRFM95_SPI_TIMEOUT=100 -DUSE_HAL_DRIVER -DSTM32F429xx -c -I../Core/Inc -I../Drivers/STM32F4xx_HAL_Driver/Inc -I../Drivers/STM32F4xx_HAL_Driver/Inc/Legacy -I../Drivers/CMSIS/Device/ST/STM32F4xx/Include -I../Drivers/CMSIS/Include -I../Drivers/stm32-hal-rfm95-master -O0 -ffunction-sections -fdata-sections -Wall -fstack-usage -fcyclomatic-complexity -MMD -MP -MF"Core/Src/main.d" -MT"Core/Src/main.o" --specs=nano.specs -mfpu=fpv4-sp-d16 -mfloat-abi=hard -mthumb -o "Core/Src/main.o"
../Core/Src/main.c: In function 'main':
../Core/Src/main.c:174:82: warning: comparison between pointer and integer
  174 |           if((Old_tick + MSG_TIME) <= HAL_GetTick() && (Old_btn_tick + BTN_TIME) <= HAL_GetTick){
      |                                                                                  ^~
../Core/Src/main.c:175:47: warning: format '%i' expects argument of type 'int', but argument 3 has type 'uint32_t' {aka 'long unsigned int'} [-Wformat=]
  175 |                   sprintf(send_data, "216915;%id", counter++);
      |                                              ~^    ~~~~~~~~~
      |                                               |           |
      |                                               int         uint32_t {aka long unsigned int}
      |                                              %li
../Core/Src/main.c:178:37: error: 'LD2_GPIO_Pin' undeclared (first use in this function); did you mean 'LD2_GPIO_Port'?
  178 |                   HAL_GPIO_WritePin(LD2_GPIO_Pin, LD2_Pin, 0);
      |                                     ^~~~~~~~~~~~
      |                                     LD2_GPIO_Port
../Core/Src/main.c:178:37: note: each undeclared identifier is reported only once for each function it appears in
../Core/Src/main.c:183:112: warning: comparison between pointer and integer
  183 |           if((HAL_GPIO_ReadPin(USER_Btn_GPIO_Port, USER_Btn_Pin) == GPIO_PIN_SET) && (Old_btn_tick + BTN_TIME) <= HAL_GetTick) {
      |                                                                                                                ^~
../Core/Src/main.c:184:47: warning: format '%p' expects argument of type 'void *', but argument 3 has type 'uint32_t' {aka 'long unsigned int'} [-Wformat=]
  184 |                   sprintf(send_data, "216915;%press", counter++);
      |                                              ~^       ~~~~~~~~~
      |                                               |              |
      |                                               void *         uint32_t {aka long unsigned int}
      |                                              %ld
make: *** [Core/Src/subdir.mk:34: Core/Src/main.o] Error 1
"make -j4 all" terminated with exit code 2. Build might be incomplete.
12:34:10 **** Incremental Build of configuration Debug for project MKS11 ****
make -j4 all 
arm-none-eabi-gcc "../Core/Src/main.c" -mcpu=cortex-m4 -std=gnu11 -g3 -DDEBUG -DRFM95_SPI_TIMEOUT=100 -DUSE_HAL_DRIVER -DSTM32F429xx -c -I../Core/Inc -I../Drivers/STM32F4xx_HAL_Driver/Inc -I../Drivers/STM32F4xx_HAL_Driver/Inc/Legacy -I../Drivers/CMSIS/Device/ST/STM32F4xx/Include -I../Drivers/CMSIS/Include -I../Drivers/stm32-hal-rfm95-master -O0 -ffunction-sections -fdata-sections -Wall -fstack-usage -fcyclomatic-complexity -MMD -MP -MF"Core/Src/main.d" -MT"Core/Src/main.o" --specs=nano.specs -mfpu=fpv4-sp-d16 -mfloat-abi=hard -mthumb -o "Core/Src/main.o"
../Core/Src/main.c: In function 'main':
../Core/Src/main.c:174:82: warning: comparison between pointer and integer
  174 |           if((Old_tick + MSG_TIME) <= HAL_GetTick() && (Old_btn_tick + BTN_TIME) <= HAL_GetTick){
      |                                                                                  ^~
../Core/Src/main.c:175:47: warning: format '%i' expects argument of type 'int', but argument 3 has type 'uint32_t' {aka 'long unsigned int'} [-Wformat=]
  175 |                   sprintf(send_data, "216915;%id", counter++);
      |                                              ~^    ~~~~~~~~~
      |                                               |           |
      |                                               int         uint32_t {aka long unsigned int}
      |                                              %li
../Core/Src/main.c:183:112: warning: comparison between pointer and integer
  183 |           if((HAL_GPIO_ReadPin(USER_Btn_GPIO_Port, USER_Btn_Pin) == GPIO_PIN_SET) && (Old_btn_tick + BTN_TIME) <= HAL_GetTick) {
      |                                                                                                                ^~
../Core/Src/main.c:184:47: warning: format '%p' expects argument of type 'void *', but argument 3 has type 'uint32_t' {aka 'long unsigned int'} [-Wformat=]
  184 |                   sprintf(send_data, "216915;%press", counter++);
      |                                              ~^       ~~~~~~~~~
      |                                               |              |
      |                                               void *         uint32_t {aka long unsigned int}
      |                                              %ld
../Core/Src/main.c:185:37: error: 'LD2_GPIO_Pin' undeclared (first use in this function); did you mean 'LD2_GPIO_Port'?
  185 |                   HAL_GPIO_WritePin(LD2_GPIO_Pin, LD2_Pin, 1);
      |                                     ^~~~~~~~~~~~
      |                                     LD2_GPIO_Port
../Core/Src/main.c:185:37: note: each undeclared identifier is reported only once for each function it appears in
make: *** [Core/Src/subdir.mk:34: Core/Src/main.o] Error 1
"make -j4 all" terminated with exit code 2. Build might be incomplete.
12:34:40 **** Incremental Build of configuration Debug for project MKS11 ****
make -j4 all 
arm-none-eabi-gcc "../Core/Src/main.c" -mcpu=cortex-m4 -std=gnu11 -g3 -DDEBUG -DRFM95_SPI_TIMEOUT=100 -DUSE_HAL_DRIVER -DSTM32F429xx -c -I../Core/Inc -I../Drivers/STM32F4xx_HAL_Driver/Inc -I../Drivers/STM32F4xx_HAL_Driver/Inc/Legacy -I../Drivers/CMSIS/Device/ST/STM32F4xx/Include -I../Drivers/CMSIS/Include -I../Drivers/stm32-hal-rfm95-master -O0 -ffunction-sections -fdata-sections -Wall -fstack-usage -fcyclomatic-complexity -MMD -MP -MF"Core/Src/main.d" -MT"Core/Src/main.o" --specs=nano.specs -mfpu=fpv4-sp-d16 -mfloat-abi=hard -mthumb -o "Core/Src/main.o"
../Core/Src/main.c: In function 'main':
../Core/Src/main.c:174:82: warning: comparison between pointer and integer
  174 |           if((Old_tick + MSG_TIME) <= HAL_GetTick() && (Old_btn_tick + BTN_TIME) <= HAL_GetTick){
      |                                                                                  ^~
../Core/Src/main.c:175:47: warning: format '%i' expects argument of type 'int', but argument 3 has type 'uint32_t' {aka 'long unsigned int'} [-Wformat=]
  175 |                   sprintf(send_data, "216915;%id", counter++);
      |                                              ~^    ~~~~~~~~~
      |                                               |           |
      |                                               int         uint32_t {aka long unsigned int}
      |                                              %li
../Core/Src/main.c:183:112: warning: comparison between pointer and integer
  183 |           if((HAL_GPIO_ReadPin(USER_Btn_GPIO_Port, USER_Btn_Pin) == GPIO_PIN_SET) && (Old_btn_tick + BTN_TIME) <= HAL_GetTick) {
      |                                                                                                                ^~
../Core/Src/main.c:184:47: warning: format '%p' expects a matching 'void *' argument [-Wformat=]
  184 |                   sprintf(send_data, "216915;%press");
      |                                              ~^
      |                                               |
      |                                               void *
../Core/Src/main.c:185:37: error: 'LD2_GPIO_Pin' undeclared (first use in this function); did you mean 'LD2_GPIO_Port'?
  185 |                   HAL_GPIO_WritePin(LD2_GPIO_Pin, LD2_Pin, 1);
      |                                     ^~~~~~~~~~~~
      |                                     LD2_GPIO_Port
../Core/Src/main.c:185:37: note: each undeclared identifier is reported only once for each function it appears in
make: *** [Core/Src/subdir.mk:34: Core/Src/main.o] Error 1
"make -j4 all" terminated with exit code 2. Build might be incomplete.
12:35:00 **** Incremental Build of configuration Debug for project MKS11 ****
make -j4 all 
arm-none-eabi-gcc "../Core/Src/main.c" -mcpu=cortex-m4 -std=gnu11 -g3 -DDEBUG -DRFM95_SPI_TIMEOUT=100 -DUSE_HAL_DRIVER -DSTM32F429xx -c -I../Core/Inc -I../Drivers/STM32F4xx_HAL_Driver/Inc -I../Drivers/STM32F4xx_HAL_Driver/Inc/Legacy -I../Drivers/CMSIS/Device/ST/STM32F4xx/Include -I../Drivers/CMSIS/Include -I../Drivers/stm32-hal-rfm95-master -O0 -ffunction-sections -fdata-sections -Wall -fstack-usage -fcyclomatic-complexity -MMD -MP -MF"Core/Src/main.d" -MT"Core/Src/main.o" --specs=nano.specs -mfpu=fpv4-sp-d16 -mfloat-abi=hard -mthumb -o "Core/Src/main.o"
../Core/Src/main.c: In function 'main':
../Core/Src/main.c:174:82: warning: comparison between pointer and integer
  174 |           if((Old_tick + MSG_TIME) <= HAL_GetTick() && (Old_btn_tick + BTN_TIME) <= HAL_GetTick){
      |                                                                                  ^~
../Core/Src/main.c:175:47: warning: format '%i' expects argument of type 'int', but argument 3 has type 'uint32_t' {aka 'long unsigned int'} [-Wformat=]
  175 |                   sprintf(send_data, "216915;%id", counter++);
      |                                              ~^    ~~~~~~~~~
      |                                               |           |
      |                                               int         uint32_t {aka long unsigned int}
      |                                              %li
../Core/Src/main.c:183:112: warning: comparison between pointer and integer
  183 |           if((HAL_GPIO_ReadPin(USER_Btn_GPIO_Port, USER_Btn_Pin) == GPIO_PIN_SET) && (Old_btn_tick + BTN_TIME) <= HAL_GetTick) {
      |                                                                                                                ^~
../Core/Src/main.c:184:47: warning: format '%p' expects a matching 'void *' argument [-Wformat=]
  184 |                   sprintf(send_data, "216915;%press");
      |                                              ~^
      |                                               |
      |                                               void *
arm-none-eabi-gcc -o "MKS11.elf" @"objects.list"   -mcpu=cortex-m4 -T"C:\Temp\ondrejka\MKS\MKS11\STM32F429ZITX_FLASH.ld" --specs=nosys.specs -Wl,-Map="MKS11.map" -Wl,--gc-sections -static --specs=nano.specs -mfpu=fpv4-sp-d16 -mfloat-abi=hard -mthumb -Wl,--start-group -lc -lm -Wl,--end-group
Finished building target: MKS11.elf
 
arm-none-eabi-size  MKS11.elf 
arm-none-eabi-objdump -h -S MKS11.elf  > "MKS11.list"
   text	   data	    bss	    dec	    hex	filename
  29444	    544	   2168	  32156	   7d9c	MKS11.elf
Finished building: default.size.stdout
 
Finished building: MKS11.list
 
12:35:47 **** Incremental Build of configuration Debug for project MKS11 ****
make -j4 all 
arm-none-eabi-gcc "../Core/Src/main.c" -mcpu=cortex-m4 -std=gnu11 -g3 -DDEBUG -DRFM95_SPI_TIMEOUT=100 -DUSE_HAL_DRIVER -DSTM32F429xx -c -I../Core/Inc -I../Drivers/STM32F4xx_HAL_Driver/Inc -I../Drivers/STM32F4xx_HAL_Driver/Inc/Legacy -I../Drivers/CMSIS/Device/ST/STM32F4xx/Include -I../Drivers/CMSIS/Include -I../Drivers/stm32-hal-rfm95-master -O0 -ffunction-sections -fdata-sections -Wall -fstack-usage -fcyclomatic-complexity -MMD -MP -MF"Core/Src/main.d" -MT"Core/Src/main.o" --specs=nano.specs -mfpu=fpv4-sp-d16 -mfloat-abi=hard -mthumb -o "Core/Src/main.o"
../Core/Src/main.c: In function 'main':
../Core/Src/main.c:175:47: warning: format '%i' expects argument of type 'int', but argument 3 has type 'uint32_t' {aka 'long unsigned int'} [-Wformat=]
  175 |                   sprintf(send_data, "216915;%id", counter++);
      |                                              ~^    ~~~~~~~~~
      |                                               |           |
      |                                               int         uint32_t {aka long unsigned int}
      |                                              %li
../Core/Src/main.c:184:47: warning: format '%p' expects a matching 'void *' argument [-Wformat=]
  184 |                   sprintf(send_data, "216915;%press");
      |                                              ~^
      |                                               |
      |                                               void *
arm-none-eabi-gcc -o "MKS11.elf" @"objects.list"   -mcpu=cortex-m4 -T"C:\Temp\ondrejka\MKS\MKS11\STM32F429ZITX_FLASH.ld" --specs=nosys.specs -Wl,-Map="MKS11.map" -Wl,--gc-sections -static --specs=nano.specs -mfpu=fpv4-sp-d16 -mfloat-abi=hard -mthumb -Wl,--start-group -lc -lm -Wl,--end-group
Finished building target: MKS11.elf
 
arm-none-eabi-size  MKS11.elf 
arm-none-eabi-objdump -h -S MKS11.elf  > "MKS11.list"
   text	   data	    bss	    dec	    hex	filename
  29444	    544	   2168	  32156	   7d9c	MKS11.elf
Finished building: default.size.stdout
 
Finished building: MKS11.list
 
12:36:20 **** Incremental Build of configuration Debug for project MKS11 ****
make -j4 all 
arm-none-eabi-gcc "../Core/Src/main.c" -mcpu=cortex-m4 -std=gnu11 -g3 -DDEBUG -DRFM95_SPI_TIMEOUT=100 -DUSE_HAL_DRIVER -DSTM32F429xx -c -I../Core/Inc -I../Drivers/STM32F4xx_HAL_Driver/Inc -I../Drivers/STM32F4xx_HAL_Driver/Inc/Legacy -I../Drivers/CMSIS/Device/ST/STM32F4xx/Include -I../Drivers/CMSIS/Include -I../Drivers/stm32-hal-rfm95-master -O0 -ffunction-sections -fdata-sections -Wall -fstack-usage -fcyclomatic-complexity -MMD -MP -MF"Core/Src/main.d" -MT"Core/Src/main.o" --specs=nano.specs -mfpu=fpv4-sp-d16 -mfloat-abi=hard -mthumb -o "Core/Src/main.o"
../Core/Src/main.c: In function 'main':
../Core/Src/main.c:175:47: warning: format '%i' expects argument of type 'int', but argument 3 has type 'uint32_t' {aka 'long unsigned int'} [-Wformat=]
  175 |                   sprintf(send_data, "216915;%id", counter++);
      |                                              ~^    ~~~~~~~~~
      |                                               |           |
      |                                               int         uint32_t {aka long unsigned int}
      |                                              %li
arm-none-eabi-gcc -o "MKS11.elf" @"objects.list"   -mcpu=cortex-m4 -T"C:\Temp\ondrejka\MKS\MKS11\STM32F429ZITX_FLASH.ld" --specs=nosys.specs -Wl,-Map="MKS11.map" -Wl,--gc-sections -static --specs=nano.specs -mfpu=fpv4-sp-d16 -mfloat-abi=hard -mthumb -Wl,--start-group -lc -lm -Wl,--end-group
Finished building target: MKS11.elf
 
arm-none-eabi-size  MKS11.elf 
arm-none-eabi-objdump -h -S MKS11.elf  > "MKS11.list"
   text	   data	    bss	    dec	    hex	filename
  29444	    544	   2168	  32156	   7d9c	MKS11.elf
Finished building: default.size.stdout
 
Finished building: MKS11.list
 
12:36:44 **** Incremental Build of configuration Debug for project MKS11 ****
make -j4 all 
arm-none-eabi-gcc "../Core/Src/main.c" -mcpu=cortex-m4 -std=gnu11 -g3 -DDEBUG -DRFM95_SPI_TIMEOUT=100 -DUSE_HAL_DRIVER -DSTM32F429xx -c -I../Core/Inc -I../Drivers/STM32F4xx_HAL_Driver/Inc -I../Drivers/STM32F4xx_HAL_Driver/Inc/Legacy -I../Drivers/CMSIS/Device/ST/STM32F4xx/Include -I../Drivers/CMSIS/Include -I../Drivers/stm32-hal-rfm95-master -O0 -ffunction-sections -fdata-sections -Wall -fstack-usage -fcyclomatic-complexity -MMD -MP -MF"Core/Src/main.d" -MT"Core/Src/main.o" --specs=nano.specs -mfpu=fpv4-sp-d16 -mfloat-abi=hard -mthumb -o "Core/Src/main.o"
../Core/Src/main.c: In function 'main':
../Core/Src/main.c:175:48: warning: format '%d' expects argument of type 'int', but argument 3 has type 'uint32_t' {aka 'long unsigned int'} [-Wformat=]
  175 |                   sprintf(send_data, "216915;%1d", counter++);
      |                                              ~~^   ~~~~~~~~~
      |                                                |          |
      |                                                int        uint32_t {aka long unsigned int}
      |                                              %1ld
arm-none-eabi-gcc -o "MKS11.elf" @"objects.list"   -mcpu=cortex-m4 -T"C:\Temp\ondrejka\MKS\MKS11\STM32F429ZITX_FLASH.ld" --specs=nosys.specs -Wl,-Map="MKS11.map" -Wl,--gc-sections -static --specs=nano.specs -mfpu=fpv4-sp-d16 -mfloat-abi=hard -mthumb -Wl,--start-group -lc -lm -Wl,--end-group
Finished building target: MKS11.elf
 
arm-none-eabi-size  MKS11.elf 
arm-none-eabi-objdump -h -S MKS11.elf  > "MKS11.list"
   text	   data	    bss	    dec	    hex	filename
  29444	    544	   2168	  32156	   7d9c	MKS11.elf
Finished building: default.size.stdout
 
Finished building: MKS11.list
 
12:38:49 **** Incremental Build of configuration Debug for project MKS11 ****
make -j4 all 
arm-none-eabi-gcc "../Core/Src/main.c" -mcpu=cortex-m4 -std=gnu11 -g3 -DDEBUG -DRFM95_SPI_TIMEOUT=100 -DUSE_HAL_DRIVER -DSTM32F429xx -c -I../Core/Inc -I../Drivers/STM32F4xx_HAL_Driver/Inc -I../Drivers/STM32F4xx_HAL_Driver/Inc/Legacy -I../Drivers/CMSIS/Device/ST/STM32F4xx/Include -I../Drivers/CMSIS/Include -I../Drivers/stm32-hal-rfm95-master -O0 -ffunction-sections -fdata-sections -Wall -fstack-usage -fcyclomatic-complexity -MMD -MP -MF"Core/Src/main.d" -MT"Core/Src/main.o" --specs=nano.specs -mfpu=fpv4-sp-d16 -mfloat-abi=hard -mthumb -o "Core/Src/main.o"
arm-none-eabi-gcc -o "MKS11.elf" @"objects.list"   -mcpu=cortex-m4 -T"C:\Temp\ondrejka\MKS\MKS11\STM32F429ZITX_FLASH.ld" --specs=nosys.specs -Wl,-Map="MKS11.map" -Wl,--gc-sections -static --specs=nano.specs -mfpu=fpv4-sp-d16 -mfloat-abi=hard -mthumb -Wl,--start-group -lc -lm -Wl,--end-group
Finished building target: MKS11.elf
 
arm-none-eabi-size  MKS11.elf 
arm-none-eabi-objdump -h -S MKS11.elf  > "MKS11.list"
   text	   data	    bss	    dec	    hex	filename
  29444	    544	   2168	  32156	   7d9c	MKS11.elf
Finished building: default.size.stdout
 
Finished building: MKS11.list
 
